<?xml version="1.0" encoding="UTF-8"?>
<!-- Generated by org.testng.reporters.JUnitXMLReporter -->
<testsuite hostname="DESKTOP-VVQ736U" ignored="7" name="ChromeTest" tests="2" failures="0" timestamp="25 三月 2018 02:32:02 GMT" time="56.83" errors="0">
  <testcase name="openNewsByPath" time="2.568" classname="com.zxp.test.ChromeTest"/>
  <testcase name="openBaidu" time="44.289" classname="com.zxp.test.IETest"/>
  <testcase name="learnNavigate" time="0.0" classname="com.zxp.test.ChromeTest">
    <ignored/>
  </testcase> <!-- learnNavigate -->
  <testcase name="openBaidu" time="0.0" classname="com.zxp.test.ChromeTest">
    <ignored/>
  </testcase> <!-- openBaidu -->
  <testcase name="openIcode" time="0.0" classname="com.zxp.test.ChromeTest">
    <ignored/>
  </testcase> <!-- openIcode -->
  <testcase name="openNewsByCssSelector" time="0.0" classname="com.zxp.test.ChromeTest">
    <ignored/>
  </testcase> <!-- openNewsByCssSelector -->
  <testcase name="openNewsByLink" time="0.0" classname="com.zxp.test.ChromeTest">
    <ignored/>
  </testcase> <!-- openNewsByLink -->
  <testcase name="openNewsByCss" time="0.0" classname="com.zxp.test.ChromeTest">
    <ignored/>
  </testcase> <!-- openNewsByCss -->
  <testcase name="openNewsByName" time="0.0" classname="com.zxp.test.ChromeTest">
    <ignored/>
  </testcase> <!-- openNewsByName -->
</testsuite> <!-- ChromeTest -->
