<?xml version="1.0" encoding="UTF-8"?>
<!-- Generated by org.testng.reporters.JUnitXMLReporter -->
<testsuite hostname="DESKTOP-VVQ736U" ignored="1" name="learnSelenium" tests="6" failures="0" timestamp="25 三月 2018 04:11:42 GMT" time="65.443" errors="0">
  <testcase name="test1" time="3.284" classname="com.zxp.test.SeleniumTest"/>
  <testcase name="test2" time="8.909" classname="com.zxp.test.SeleniumTest"/>
  <testcase name="test3" time="18.202" classname="com.zxp.test.SeleniumTest"/>
  <testcase name="testAlert" time="2.941" classname="com.zxp.test.SeleniumTest"/>
  <testcase name="testChangeColor" time="20.703" classname="com.zxp.test.SeleniumTest"/>
  <testcase name="testScript" time="6.289" classname="com.zxp.test.SeleniumTest"/>
  <testcase name="testFrame" time="0.0" classname="com.zxp.test.SeleniumTest">
    <ignored/>
  </testcase> <!-- testFrame -->
</testsuite> <!-- learnSelenium -->
