<?xml version="1.0" encoding="UTF-8"?>
<!-- Generated by org.testng.reporters.JUnitXMLReporter -->
<testsuite hostname="DESKTOP-VVQ736U" ignored="0" name="Screenshot" tests="6" failures="0" timestamp="25 三月 2018 03:46:55 GMT" time="79.062" errors="0">
  <testcase name="testDatePicker" time="30.571" classname="com.zxp.test.TakeScreenshotTest"/>
  <testcase name="testExplicitWait" time="10.719" classname="com.zxp.test.TakeScreenshotTest"/>
  <testcase name="testHandPopup" time="25.415" classname="com.zxp.test.TakeScreenshotTest"/>
  <testcase name="testRobot" time="2.735" classname="com.zxp.test.TakeScreenshotTest"/>
  <testcase name="testScreenshot" time="1.758" classname="com.zxp.test.TakeScreenshotTest"/>
  <testcase name="testUploadPic" time="3.542" classname="com.zxp.test.TakeScreenshotTest"/>
</testsuite> <!-- Screenshot -->
