<?xml version="1.0" encoding="UTF-8"?>
<testng-results skipped="0" failed="0" ignored="0" total="1" passed="1">
  <reporter-output>
  </reporter-output>
  <suite name="Default suite" duration-ms="5524" started-at="2018-03-30T07:41:34Z" finished-at="2018-03-30T07:41:39Z">
    <groups>
    </groups>
    <test name="Default test" duration-ms="5524" started-at="2018-03-30T07:41:34Z" finished-at="2018-03-30T07:41:39Z">
      <class name="com.zxp.test.LoginTest">
        <test-method status="PASS" signature="beforeClass()[pri:0, instance:com.zxp.test.LoginTest@f6c48ac]" name="beforeClass" is-config="true" duration-ms="4074" started-at="2018-03-30T15:41:34Z" finished-at="2018-03-30T15:41:38Z">
          <reporter-output>
          </reporter-output>
        </test-method> <!-- beforeClass -->
        <test-method status="PASS" signature="loginTest()[pri:0, instance:com.zxp.test.LoginTest@f6c48ac]" name="loginTest" duration-ms="1431" started-at="2018-03-30T15:41:38Z" finished-at="2018-03-30T15:41:39Z">
          <reporter-output>
          </reporter-output>
        </test-method> <!-- loginTest -->
        <test-method status="PASS" signature="afterClass()[pri:0, instance:com.zxp.test.LoginTest@f6c48ac]" name="afterClass" is-config="true" duration-ms="0" started-at="2018-03-30T15:41:39Z" finished-at="2018-03-30T15:41:39Z">
          <reporter-output>
          </reporter-output>
        </test-method> <!-- afterClass -->
      </class> <!-- com.zxp.test.LoginTest -->
    </test> <!-- Default test -->
  </suite> <!-- Default suite -->
</testng-results>
